<testsuite errors="0" failures="0" name="Django Project Tests" skips="0" tests="47" time="1.432"><testcase classname="logframe.tests.test_subindicator.SubindicatorTests" name="test_get_default_subindicator" time="0.007051" /><testcase classname="logframe.tests.test_subindicator.SubindicatorTests" name="test_get_subindicators" time="0.080929" /><testcase classname="contacts.tests.test_validators.ValidatorTests" name="test_year_to_now" time="0.000224" /><testcase classname="contacts.tests.test_views_contact_info.AddContactTests" name="test_form_valid_calls_save_on_form" time="0.038370" /><testcase classname="contacts.tests.test_views_contact_info.AddContactTests" name="test_form_valid_calls_save_on_object" time="0.001161" /><testcase classname="contacts.tests.test_views_contact_info.AddContactTests" name="test_form_valid_sets_an_unusable_password" time="0.001176" /><testcase classname="contacts.tests.test_views_contact_info.AddContactTests" name="test_has_expected_permissions_properties" time="0.000285" /><testcase classname="contacts.tests.test_views_contact_info.BracesMixinTests" name="test_views_have_login_required_mixin" time="0.000060" /><testcase classname="contacts.tests.test_views_contact_info.BracesMixinTests" name="test_views_have_permission_required_mixin" time="0.000045" /><testcase classname="contacts.tests.test_views_contact_info.DeleteContactTests" name="test_has_expected_permissions_properties" time="0.000050" /><testcase classname="contacts.tests.test_views_contact_info.ListContactsTests" name="test_get_queryset_returns_a_subset_from_business_email_search" time="0.066397" /><testcase classname="contacts.tests.test_views_contact_info.ListContactsTests" name="test_get_queryset_returns_a_subset_from_first_name_search" time="0.043170" /><testcase classname="contacts.tests.test_views_contact_info.ListContactsTests" name="test_get_queryset_returns_a_subset_from_last_name_search" time="0.030638" /><testcase classname="contacts.tests.test_views_contact_info.ListContactsTests" name="test_get_queryset_returns_a_subset_from_personal_email_search" time="0.033706" /><testcase classname="contacts.tests.test_views_contact_info.ListContactsTests" name="test_has_singletablemixin" time="0.026075" /><testcase classname="contacts.tests.test_views_contact_info.ListContactsTests" name="test_number_of_not_active_contacts_in_context" time="0.062992" /><testcase classname="contacts.tests.test_views_contact_info.SuccessUrlTests" name="test_views_with_success_url_is_contact_list" time="0.000483" /><testcase classname="contacts.tests.test_views_contact_info.SuccessUrlTests" name="test_views_with_success_url_is_contact_page" time="0.001643" /><testcase classname="contacts.tests.test_views_contact_info.SuccessUrlTests" name="test_views_with_success_url_is_home" time="0.000223" /><testcase classname="contacts.tests.test_views_contact_info.UpdateContactTests" name="test_form_valid_redirects_to_claim_url_if_save_and_email" time="0.000822" /><testcase classname="contacts.tests.test_views_contact_info.UpdateContactTests" name="test_has_expected_permissions_properties" time="0.000042" /><testcase classname="contacts.tests.test_views_contact_info.UpdatePersonalInfoTests" name="test_get_object_returns_request_user" time="0.000432" /><testcase classname="contacts.tests.test_views_contact_info.UpdatePersonalInfoTests" name="test_has_expected_properties" time="0.000064" /><testcase classname="contacts.tests.test_views_contact_info.UpdatePersonalInfoTests" name="test_is_instance_of_update_contacts_base" time="0.000076" /><testcase classname="contacts.tests.test_templatetags.TemplateTagsTests" name="test_basename" time="0.000132" /><testcase classname="contacts.tests.test_models.UserManagerTests" name="test_create_super_user" time="0.047935" /><testcase classname="contacts.tests.test_models.UserManagerTests" name="test_create_user_advanced" time="0.053747" /><testcase classname="contacts.tests.test_models.UserManagerTests" name="test_create_user_basic" time="0.052931" /><testcase classname="contacts.tests.test_models.UserTests" name="test_get_full_name" time="0.001752" /><testcase classname="contacts.tests.test_models.UserTests" name="test_get_short_name" time="0.001728" /><testcase classname="dashboard.tests.test_login_logout.FrontpageTests" name="test_homepage_logged_in" time="0.006102" /><testcase classname="dashboard.tests.test_login_logout.FrontpageTests" name="test_homepage_logged_out" time="0.023342" /><testcase classname="dashboard.tests.test_login_logout.FrontpageTests" name="test_login" time="0.156260" /><testcase classname="logframe.tests.test_models.TestAverageTargetPercentMixin" name="test_calculate_summary_status_returns_danger_when_target_11_lt_budget" time="0.000127" /><testcase classname="logframe.tests.test_models.TestAverageTargetPercentMixin" name="test_calculate_summary_status_returns_ok_when_target_equals_budget" time="0.000059" /><testcase classname="logframe.tests.test_models.TestAverageTargetPercentMixin" name="test_calculate_summary_status_returns_ok_when_target_gt_budget" time="0.000032" /><testcase classname="logframe.tests.test_models.TestAverageTargetPercentMixin" name="test_calculate_summary_status_returns_warning_when_target_10_lt_budget" time="0.000029" /><testcase classname="logframe.tests.test_models.TestAverageTargetPercentMixin" name="test_calculate_summary_status_returns_warning_when_target_slightly_lt_budget" time="0.000027" /><testcase classname="logframe.tests.test_models.TestAverageTargetPercentMixin" name="test_calculate_target_percent_averages_two_children" time="0.000044" /><testcase classname="logframe.tests.test_models.TestAverageTargetPercentMixin" name="test_calculate_target_percent_returns_0_when_no_children" time="0.000030" /><testcase classname="logframe.tests.test_models.TestAverageTargetPercentMixin" name="test_calculate_target_percent_returns_child_percent_when_one_child_present" time="0.000033" /><testcase classname="logframe.tests.test_models.TestAverageTargetPercentMixin" name="test_calculate_weighted_target_percent_averages_two_children" time="0.000043" /><testcase classname="logframe.tests.test_models.TestAverageTargetPercentMixin" name="test_calculate_weighted_target_percent_returns_0_when_no_children" time="0.000027" /><testcase classname="logframe.tests.test_models.TestAverageTargetPercentMixin" name="test_calculate_weighted_target_percent_returns_child_percent_when_one_child_present" time="0.000033" /><testcase classname="logframe.tests.test_views.ResultEditorTests" name="test__json_object_list" time="0.115061" /><testcase classname="logframe.tests.test_views.ResultEditorTests" name="test_data_in_context" time="0.109027" /><testcase classname="logframe.tests.test_views.ResultEditorTests" name="test_get_data_has_assumptions" time="0.182876" /></testsuite>